<?xml version="1.0" encoding="utf-8" ?><!DOCTYPE coverage SYSTEM "http://cobertura.sourceforge.net/xml/coverage-03.dtd"><coverage branch-rate="0" line-rate="0.1924983255190891" timestamp="1412623018115" version="3.5.1"><sources><source>/Users/fsyed/code/modules-activitystream/</source></sources><packages><package branch-rate="0" complexity="0.0" line-rate="0.1924983255190891" name="."><classes><class branch-rate="0" complexity="0.0" filename="/scripts/collections/stream.js" line-rate="0.8461538461538461" name="/scripts/collections/stream"><methods></methods><lines><line hits="" number="1"></line><line hits="1" number="2"></line><line hits="1" number="3"></line><line hits="9" number="4"></line><line hits="" number="5"></line><line hits="1" number="6"></line><line hits="1" number="7"></line><line hits="1" number="8"></line><line hits="1" number="9"></line><line hits="" number="10"></line><line hits="1" number="11"></line><line hits="0" number="12"></line><line hits="0" number="13"></line><line hits="" number="14"></line><line hits="" number="15"></line><line hits="1" number="16"></line><line hits="" number="17"></line><line hits="1" number="18"></line><line hits="" number="19"></line><line hits="1" number="20"></line><line hits="" number="21"></line><line hits="" number="22"></line><line hits="" number="23"></line><line hits="" number="24"></line><line hits="" number="25"></line></lines></class><class branch-rate="0" complexity="0.0" filename="/scripts/localconfig.js" line-rate="1" name="/scripts/localconfig"><methods></methods><lines><line hits="" number="1"></line><line hits="1" number="2"></line><line hits="1" number="3"></line><line hits="" number="4"></line><line hits="" number="5"></line></lines></class><class branch-rate="0" complexity="0.0" filename="/scripts/models/activity.js" line-rate="0.48275862068965514" name="/scripts/models/activity"><methods></methods><lines><line hits="" number="1"></line><line hits="1" number="2"></line><line hits="1" number="3"></line><line hits="9" number="4"></line><line hits="" number="5"></line><line hits="1" number="6"></line><line hits="1" number="7"></line><line hits="1" number="8"></line><line hits="1" number="9"></line><line hits="1" number="10"></line><line hits="" number="11"></line><line hits="1" number="12"></line><line hits="0" number="13"></line><line hits="0" number="14"></line><line hits="" number="15"></line><line hits="" number="16"></line><line hits="1" number="17"></line><line hits="" number="18"></line><line hits="1" number="19"></line><line hits="0" number="20"></line><line hits="0" number="21"></line><line hits="0" number="22"></line><line hits="0" number="23"></line><line hits="0" number="24"></line><line hits="" number="25"></line><line hits="" number="26"></line><line hits="1" number="27"></line><line hits="0" number="28"></line><line hits="0" number="29"></line><line hits="" number="30"></line><line hits="" number="31"></line><line hits="" number="32"></line><line hits="1" number="33"></line><line hits="0" number="34"></line><line hits="0" number="35"></line><line hits="0" number="36"></line><line hits="0" number="37"></line><line hits="0" number="38"></line><line hits="0" number="39"></line><line hits="" number="40"></line><line hits="" number="41"></line><line hits="1" number="42"></line><line hits="" number="43"></line><line hits="" number="44"></line><line hits="" number="45"></line><line hits="" number="46"></line><line hits="" number="47"></line></lines></class><class branch-rate="0" complexity="0.0" filename="/scripts/models/actor.js" line-rate="0.8333333333333335" name="/scripts/models/actor"><methods></methods><lines><line hits="" number="1"></line><line hits="1" number="2"></line><line hits="1" number="3"></line><line hits="11" number="4"></line><line hits="" number="5"></line><line hits="1" number="6"></line><line hits="1" number="7"></line><line hits="1" number="8"></line><line hits="1" number="9"></line><line hits="1" number="10"></line><line hits="" number="11"></line><line hits="1" number="12"></line><line hits="0" number="13"></line><line hits="0" number="14"></line><line hits="" number="15"></line><line hits="" number="16"></line><line hits="1" number="17"></line><line hits="" number="18"></line><line hits="" number="19"></line><line hits="" number="20"></line><line hits="" number="21"></line><line hits="" number="22"></line></lines></class><class branch-rate="0" complexity="0.0" filename="/scripts/models/component.js" line-rate="0.325" name="/scripts/models/component"><methods></methods><lines><line hits="" number="1"></line><line hits="1" number="2"></line><line hits="1" number="3"></line><line hits="9" number="4"></line><line hits="" number="5"></line><line hits="1" number="6"></line><line hits="1" number="7"></line><line hits="1" number="8"></line><line hits="1" number="9"></line><line hits="1" number="10"></line><line hits="" number="11"></line><line hits="1" number="12"></line><line hits="0" number="13"></line><line hits="0" number="14"></line><line hits="" number="15"></line><line hits="" number="16"></line><line hits="1" number="17"></line><line hits="0" number="18"></line><line hits="" number="19"></line><line hits="" number="20"></line><line hits="1" number="21"></line><line hits="0" number="22"></line><line hits="" number="23"></line><line hits="" number="24"></line><line hits="1" number="25"></line><line hits="0" number="26"></line><line hits="0" number="27"></line><line hits="0" number="28"></line><line hits="0" number="29"></line><line hits="0" number="30"></line><line hits="0" number="31"></line><line hits="0" number="32"></line><line hits="0" number="33"></line><line hits="0" number="34"></line><line hits="" number="35"></line><line hits="0" number="36"></line><line hits="0" number="37"></line><line hits="0" number="38"></line><line hits="" number="39"></line><line hits="0" number="40"></line><line hits="" number="41"></line><line hits="0" number="42"></line><line hits="0" number="43"></line><line hits="0" number="44"></line><line hits="0" number="45"></line><line hits="0" number="46"></line><line hits="" number="47"></line><line hits="0" number="48"></line><line hits="0" number="49"></line><line hits="0" number="50"></line><line hits="" number="51"></line><line hits="0" number="52"></line><line hits="" number="53"></line><line hits="" number="54"></line><line hits="" number="55"></line><line hits="0" number="56"></line><line hits="" number="57"></line><line hits="" number="58"></line><line hits="1" number="59"></line><line hits="" number="60"></line><line hits="" number="61"></line><line hits="" number="62"></line><line hits="" number="63"></line><line hits="" number="64"></line></lines></class><class branch-rate="0" complexity="0.0" filename="/scripts/models/object.js" line-rate="0.8333333333333335" name="/scripts/models/object"><methods></methods><lines><line hits="" number="1"></line><line hits="1" number="2"></line><line hits="1" number="3"></line><line hits="11" number="4"></line><line hits="" number="5"></line><line hits="1" number="6"></line><line hits="1" number="7"></line><line hits="1" number="8"></line><line hits="1" number="9"></line><line hits="1" number="10"></line><line hits="" number="11"></line><line hits="1" number="12"></line><line hits="0" number="13"></line><line hits="0" number="14"></line><line hits="" number="15"></line><line hits="" number="16"></line><line hits="1" number="17"></line><line hits="" number="18"></line><line hits="" number="19"></line><line hits="" number="20"></line><line hits="" number="21"></line><line hits="" number="22"></line></lines></class><class branch-rate="0" complexity="0.0" filename="/scripts/models/verb.js" line-rate="0.8333333333333335" name="/scripts/models/verb"><methods></methods><lines><line hits="" number="1"></line><line hits="1" number="2"></line><line hits="1" number="3"></line><line hits="11" number="4"></line><line hits="" number="5"></line><line hits="1" number="6"></line><line hits="1" number="7"></line><line hits="1" number="8"></line><line hits="1" number="9"></line><line hits="1" number="10"></line><line hits="" number="11"></line><line hits="1" number="12"></line><line hits="0" number="13"></line><line hits="0" number="14"></line><line hits="" number="15"></line><line hits="" number="16"></line><line hits="1" number="17"></line><line hits="" number="18"></line><line hits="" number="19"></line><line hits="" number="20"></line><line hits="" number="21"></line><line hits="" number="22"></line></lines></class><class branch-rate="0" complexity="0.0" filename="/scripts/modules/activity.js" line-rate="0.5" name="/scripts/modules/activity"><methods></methods><lines><line hits="" number="1"></line><line hits="1" number="2"></line><line hits="1" number="3"></line><line hits="1" number="4"></line><line hits="1" number="5"></line><line hits="1" number="6"></line><line hits="1" number="7"></line><line hits="0" number="8"></line><line hits="" number="9"></line><line hits="" number="10"></line><line hits="1" number="11"></line><line hits="0" number="12"></line><line hits="" number="13"></line><line hits="0" number="14"></line><line hits="" number="15"></line><line hits="0" number="16"></line><line hits="" number="17"></line><line hits="0" number="18"></line><line hits="" number="19"></line><line hits="" number="20"></line><line hits="" number="21"></line><line hits="1" number="22"></line><line hits="0" number="23"></line><line hits="0" number="24"></line><line hits="0" number="25"></line><line hits="0" number="26"></line><line hits="" number="27"></line><line hits="" number="28"></line><line hits="1" number="29"></line><line hits="0" number="30"></line><line hits="" number="31"></line><line hits="" number="32"></line><line hits="1" number="33"></line><line hits="0" number="34"></line><line hits="" number="35"></line><line hits="" number="36"></line><line hits="1" number="37"></line><line hits="" number="38"></line><line hits="" number="39"></line><line hits="" number="40"></line><line hits="" number="41"></line><line hits="" number="42"></line></lines></class><class branch-rate="0" complexity="0.0" filename="/scripts/modules/activityStream.js" line-rate="0.3157894736842105" name="/scripts/modules/activityStream"><methods></methods><lines><line hits="" number="1"></line><line hits="1" number="2"></line><line hits="1" number="3"></line><line hits="1" number="4"></line><line hits="1" number="5"></line><line hits="1" number="6"></line><line hits="1" number="7"></line><line hits="0" number="8"></line><line hits="0" number="9"></line><line hits="0" number="10"></line><line hits="" number="11"></line><line hits="" number="12"></line><line hits="1" number="13"></line><line hits="0" number="14"></line><line hits="0" number="15"></line><line hits="" number="16"></line><line hits="" number="17"></line><line hits="1" number="18"></line><line hits="0" number="19"></line><line hits="" number="20"></line><line hits="" number="21"></line><line hits="1" number="22"></line><line hits="0" number="23"></line><line hits="0" number="24"></line><line hits="" number="25"></line><line hits="" number="26"></line><line hits="" number="27"></line><line hits="" number="28"></line><line hits="" number="29"></line><line hits="0" number="30"></line><line hits="" number="31"></line><line hits="" number="32"></line><line hits="0" number="33"></line><line hits="" number="34"></line><line hits="" number="35"></line><line hits="" number="36"></line><line hits="" number="37"></line><line hits="1" number="38"></line><line hits="0" number="39"></line><line hits="0" number="40"></line><line hits="0" number="41"></line><line hits="0" number="42"></line><line hits="" number="43"></line><line hits="" number="44"></line><line hits="" number="45"></line><line hits="1" number="46"></line><line hits="0" number="47"></line><line hits="" number="48"></line><line hits="0" number="49"></line><line hits="0" number="50"></line><line hits="0" number="51"></line><line hits="0" number="52"></line><line hits="" number="53"></line><line hits="0" number="54"></line><line hits="0" number="55"></line><line hits="0" number="56"></line><line hits="" number="57"></line><line hits="0" number="58"></line><line hits="" number="59"></line><line hits="" number="60"></line><line hits="" number="61"></line><line hits="0" number="62"></line><line hits="" number="63"></line><line hits="" number="64"></line><line hits="0" number="65"></line><line hits="0" number="66"></line><line hits="" number="67"></line><line hits="" number="68"></line><line hits="" number="69"></line><line hits="1" number="70"></line><line hits="" number="71"></line><line hits="" number="72"></line><line hits="" number="73"></line><line hits="" number="74"></line><line hits="" number="75"></line></lines></class><class branch-rate="0" complexity="0.0" filename="/scripts/modules/config.js" line-rate="0.7931034482758621" name="/scripts/modules/config"><methods></methods><lines><line hits="" number="1"></line><line hits="1" number="2"></line><line hits="1" number="3"></line><line hits="" number="4"></line><line hits="" number="5"></line><line hits="1" number="6"></line><line hits="1" number="7"></line><line hits="1" number="8"></line><line hits="1" number="9"></line><line hits="1" number="10"></line><line hits="1" number="11"></line><line hits="" number="12"></line><line hits="" number="13"></line><line hits="1" number="14"></line><line hits="1" number="15"></line><line hits="1" number="16"></line><line hits="1" number="17"></line><line hits="0" number="18"></line><line hits="" number="19"></line><line hits="1" number="20"></line><line hits="3" number="21"></line><line hits="3" number="22"></line><line hits="1" number="23"></line><line hits="1" number="24"></line><line hits="1" number="25"></line><line hits="1" number="26"></line><line hits="0" number="27"></line><line hits="0" number="28"></line><line hits="" number="29"></line><line hits="0" number="30"></line><line hits="0" number="31"></line><line hits="" number="32"></line><line hits="0" number="33"></line><line hits="" number="34"></line><line hits="" number="35"></line><line hits="" number="36"></line><line hits="1" number="37"></line><line hits="" number="38"></line><line hits="" number="39"></line><line hits="1" number="40"></line><line hits="" number="41"></line><line hits="" number="42"></line><line hits="" number="43"></line><line hits="1" number="44"></line><line hits="" number="45"></line><line hits="" number="46"></line><line hits="1" number="47"></line><line hits="" number="48"></line><line hits="" number="49"></line><line hits="" number="50"></line></lines></class><class branch-rate="0" complexity="0.0" filename="/scripts/modules/helpers.js" line-rate="0.391304347826087" name="/scripts/modules/helpers"><methods></methods><lines><line hits="" number="1"></line><line hits="1" number="2"></line><line hits="1" number="3"></line><line hits="1" number="4"></line><line hits="1" number="5"></line><line hits="0" number="6"></line><line hits="0" number="7"></line><line hits="" number="8"></line><line hits="" number="9"></line><line hits="1" number="10"></line><line hits="0" number="11"></line><line hits="0" number="12"></line><line hits="0" number="13"></line><line hits="0" number="14"></line><line hits="0" number="15"></line><line hits="0" number="16"></line><line hits="" number="17"></line><line hits="1" number="18"></line><line hits="0" number="19"></line><line hits="" number="20"></line><line hits="1" number="21"></line><line hits="0" number="22"></line><line hits="0" number="23"></line><line hits="" number="24"></line><line hits="0" number="25"></line><line hits="" number="26"></line><line hits="1" number="27"></line><line hits="0" number="28"></line><line hits="" number="29"></line><line hits="1" number="30"></line><line hits="0" number="31"></line><line hits="" number="32"></line><line hits="" number="33"></line><line hits="" number="34"></line><line hits="" number="35"></line></lines></class><class branch-rate="0" complexity="0.0" filename="/scripts/modules/logger.js" line-rate="0.8" name="/scripts/modules/logger"><methods></methods><lines><line hits="" number="1"></line><line hits="1" number="2"></line><line hits="1" number="3"></line><line hits="1" number="4"></line><line hits="1" number="5"></line><line hits="1" number="6"></line><line hits="1" number="7"></line><line hits="" number="8"></line><line hits="1" number="9"></line><line hits="0" number="10"></line><line hits="0" number="11"></line><line hits="" number="12"></line><line hits="" number="13"></line><line hits="" number="14"></line><line hits="1" number="15"></line><line hits="" number="16"></line><line hits="" number="17"></line><line hits="" number="18"></line><line hits="" number="19"></line><line hits="" number="20"></line></lines></class><class branch-rate="0" complexity="0.0" filename="/scripts/modules/mapper.js" line-rate="0.3" name="/scripts/modules/mapper"><methods></methods><lines><line hits="" number="1"></line><line hits="1" number="2"></line><line hits="1" number="3"></line><line hits="" number="4"></line><line hits="1" number="5"></line><line hits="1" number="6"></line><line hits="" number="7"></line><line hits="" number="8"></line><line hits="" number="9"></line><line hits="" number="10"></line><line hits="" number="11"></line><line hits="" number="12"></line><line hits="" number="13"></line><line hits="" number="14"></line><line hits="" number="15"></line><line hits="1" number="16"></line><line hits="1" number="17"></line><line hits="1" number="18"></line><line hits="0" number="19"></line><line hits="0" number="20"></line><line hits="" number="21"></line><line hits="0" number="22"></line><line hits="0" number="23"></line><line hits="0" number="24"></line><line hits="0" number="25"></line><line hits="" number="26"></line><line hits="" number="27"></line><line hits="1" number="28"></line><line hits="0" number="29"></line><line hits="0" number="30"></line><line hits="0" number="31"></line><line hits="0" number="32"></line><line hits="0" number="33"></line><line hits="0" number="34"></line><line hits="0" number="35"></line><line hits="0" number="36"></line><line hits="0" number="37"></line><line hits="" number="38"></line><line hits="0" number="39"></line><line hits="0" number="40"></line><line hits="0" number="41"></line><line hits="" number="42"></line><line hits="0" number="43"></line><line hits="0" number="44"></line><line hits="" number="45"></line><line hits="" number="46"></line><line hits="0" number="47"></line><line hits="" number="48"></line><line hits="" number="49"></line><line hits="1" number="50"></line><line hits="" number="51"></line><line hits="" number="52"></line><line hits="" number="53"></line><line hits="" number="54"></line><line hits="" number="55"></line></lines></class><class branch-rate="0" complexity="0.0" filename="/scripts/modules/storage.js" line-rate="0.3870967741935484" name="/scripts/modules/storage"><methods></methods><lines><line hits="" number="1"></line><line hits="1" number="2"></line><line hits="1" number="3"></line><line hits="1" number="4"></line><line hits="1" number="5"></line><line hits="1" number="6"></line><line hits="" number="7"></line><line hits="1" number="8"></line><line hits="1" number="9"></line><line hits="" number="10"></line><line hits="" number="11"></line><line hits="1" number="12"></line><line hits="0" number="13"></line><line hits="0" number="14"></line><line hits="0" number="15"></line><line hits="0" number="16"></line><line hits="0" number="17"></line><line hits="" number="18"></line><line hits="" number="19"></line><line hits="1" number="20"></line><line hits="0" number="21"></line><line hits="0" number="22"></line><line hits="0" number="23"></line><line hits="0" number="24"></line><line hits="" number="25"></line><line hits="0" number="26"></line><line hits="0" number="27"></line><line hits="0" number="28"></line><line hits="0" number="29"></line><line hits="0" number="30"></line><line hits="0" number="31"></line><line hits="0" number="32"></line><line hits="0" number="33"></line><line hits="" number="34"></line><line hits="0" number="35"></line><line hits="" number="36"></line><line hits="" number="37"></line><line hits="" number="38"></line><line hits="1" number="39"></line><line hits="0" number="40"></line><line hits="" number="41"></line><line hits="" number="42"></line><line hits="1" number="43"></line><line hits="" number="44"></line><line hits="" number="45"></line><line hits="1" number="46"></line><line hits="" number="47"></line><line hits="" number="48"></line><line hits="" number="49"></line></lines></class><class branch-rate="0" complexity="0.0" filename="/scripts/modules/user.js" line-rate="0.6923076923076923" name="/scripts/modules/user"><methods></methods><lines><line hits="" number="1"></line><line hits="1" number="2"></line><line hits="1" number="3"></line><line hits="1" number="4"></line><line hits="1" number="5"></line><line hits="1" number="6"></line><line hits="1" number="7"></line><line hits="0" number="8"></line><line hits="0" number="9"></line><line hits="" number="10"></line><line hits="" number="11"></line><line hits="1" number="12"></line><line hits="0" number="13"></line><line hits="" number="14"></line><line hits="" number="15"></line><line hits="1" number="16"></line><line hits="0" number="17"></line><line hits="" number="18"></line><line hits="" number="19"></line><line hits="1" number="20"></line><line hits="" number="21"></line><line hits="" number="22"></line><line hits="" number="23"></line><line hits="" number="24"></line><line hits="" number="25"></line></lines></class><class branch-rate="0" complexity="0.0" filename="/scripts/vendor/sails.io/sails.io.js" line-rate="0.2352941176470588" name="/scripts/vendor/sails"><methods></methods><lines><line hits="" number="1"></line><line hits="" number="2"></line><line hits="" number="3"></line><line hits="" number="4"></line><line hits="" number="5"></line><line hits="" number="6"></line><line hits="" number="7"></line><line hits="" number="8"></line><line hits="" number="9"></line><line hits="" number="10"></line><line hits="" number="11"></line><line hits="" number="12"></line><line hits="" number="13"></line><line hits="" number="14"></line><line hits="" number="15"></line><line hits="" number="16"></line><line hits="" number="17"></line><line hits="" number="18"></line><line hits="" number="19"></line><line hits="1" number="20"></line><line hits="" number="21"></line><line hits="" number="22"></line><line hits="" number="23"></line><line hits="" number="24"></line><line hits="1" number="25"></line><line hits="" number="26"></line><line hits="" number="27"></line><line hits="" number="28"></line><line hits="" number="29"></line><line hits="" number="30"></line><line hits="" number="31"></line><line hits="" number="32"></line><line hits="" number="33"></line><line hits="" number="34"></line><line hits="" number="35"></line><line hits="" number="36"></line><line hits="" number="37"></line><line hits="" number="38"></line><line hits="1" number="39"></line><line hits="0" number="40"></line><line hits="" number="41"></line><line hits="" number="42"></line><line hits="" number="43"></line><line hits="" number="44"></line><line hits="" number="45"></line><line hits="" number="46"></line><line hits="" number="47"></line><line hits="" number="48"></line><line hits="" number="49"></line><line hits="" number="50"></line><line hits="" number="51"></line><line hits="" number="52"></line><line hits="" number="53"></line><line hits="" number="54"></line><line hits="1" number="55"></line><line hits="0" number="56"></line><line hits="" number="57"></line><line hits="" number="58"></line><line hits="" number="59"></line><line hits="" number="60"></line><line hits="" number="61"></line><line hits="" number="62"></line><line hits="" number="63"></line><line hits="" number="64"></line><line hits="" number="65"></line><line hits="" number="66"></line><line hits="" number="67"></line><line hits="" number="68"></line><line hits="" number="69"></line><line hits="" number="70"></line><line hits="1" number="71"></line><line hits="0" number="72"></line><line hits="" number="73"></line><line hits="" number="74"></line><line hits="" number="75"></line><line hits="" number="76"></line><line hits="" number="77"></line><line hits="" number="78"></line><line hits="" number="79"></line><line hits="" number="80"></line><line hits="" number="81"></line><line hits="" number="82"></line><line hits="" number="83"></line><line hits="" number="84"></line><line hits="" number="85"></line><line hits="" number="86"></line><line hits="1" number="87"></line><line hits="0" number="88"></line><line hits="" number="89"></line><line hits="" number="90"></line><line hits="" number="91"></line><line hits="" number="92"></line><line hits="" number="93"></line><line hits="" number="94"></line><line hits="" number="95"></line><line hits="" number="96"></line><line hits="" number="97"></line><line hits="" number="98"></line><line hits="1" number="99"></line><line hits="1" number="100"></line><line hits="" number="101"></line><line hits="0" number="102"></line><line hits="" number="103"></line><line hits="0" number="104"></line><line hits="" number="105"></line><line hits="" number="106"></line><line hits="" number="107"></line><line hits="" number="108"></line><line hits="0" number="109"></line><line hits="" number="110"></line><line hits="" number="111"></line><line hits="0" number="112"></line><line hits="" number="113"></line><line hits="" number="114"></line><line hits="0" number="115"></line><line hits="0" number="116"></line><line hits="" number="117"></line><line hits="" number="118"></line><line hits="" number="119"></line><line hits="0" number="120"></line><line hits="0" number="121"></line><line hits="0" number="122"></line><line hits="" number="123"></line><line hits="" number="124"></line><line hits="" number="125"></line><line hits="0" number="126"></line><line hits="" number="127"></line><line hits="" number="128"></line><line hits="" number="129"></line><line hits="" number="130"></line><line hits="" number="131"></line><line hits="" number="132"></line><line hits="0" number="133"></line><line hits="" number="134"></line><line hits="0" number="135"></line><line hits="" number="136"></line><line hits="0" number="137"></line><line hits="0" number="138"></line><line hits="0" number="139"></line><line hits="" number="140"></line><line hits="0" number="141"></line><line hits="0" number="142"></line><line hits="" number="143"></line><line hits="0" number="144"></line><line hits="" number="145"></line><line hits="" number="146"></line><line hits="" number="147"></line><line hits="" number="148"></line><line hits="0" number="149"></line><line hits="0" number="150"></line><line hits="0" number="151"></line><line hits="" number="152"></line><line hits="0" number="153"></line><line hits="" number="154"></line><line hits="" number="155"></line><line hits="" number="156"></line><line hits="" number="157"></line><line hits="" number="158"></line><line hits="" number="159"></line><line hits="" number="160"></line><line hits="" number="161"></line><line hits="" number="162"></line><line hits="" number="163"></line><line hits="" number="164"></line><line hits="" number="165"></line><line hits="" number="166"></line><line hits="" number="167"></line></lines></class><class branch-rate="0" complexity="0.0" filename="/scripts/views/activity.js" line-rate="0.7" name="/scripts/views/activity"><methods></methods><lines><line hits="" number="1"></line><line hits="1" number="2"></line><line hits="1" number="3"></line><line hits="9" number="4"></line><line hits="" number="5"></line><line hits="1" number="6"></line><line hits="1" number="7"></line><line hits="1" number="8"></line><line hits="1" number="9"></line><line hits="" number="10"></line><line hits="1" number="11"></line><line hits="0" number="12"></line><line hits="0" number="13"></line><line hits="" number="14"></line><line hits="" number="15"></line><line hits="1" number="16"></line><line hits="" number="17"></line><line hits="1" number="18"></line><line hits="" number="19"></line><line hits="1" number="20"></line><line hits="" number="21"></line><line hits="1" number="22"></line><line hits="0" number="23"></line><line hits="0" number="24"></line><line hits="" number="25"></line><line hits="" number="26"></line><line hits="1" number="27"></line><line hits="0" number="28"></line><line hits="0" number="29"></line><line hits="" number="30"></line><line hits="" number="31"></line><line hits="1" number="32"></line><line hits="" number="33"></line><line hits="" number="34"></line><line hits="" number="35"></line><line hits="" number="36"></line><line hits="" number="37"></line></lines></class><class branch-rate="0" complexity="0.0" filename="/scripts/views/stream.js" line-rate="0.5135135135135135" name="/scripts/views/stream"><methods></methods><lines><line hits="" number="1"></line><line hits="1" number="2"></line><line hits="1" number="3"></line><line hits="9" number="4"></line><line hits="" number="5"></line><line hits="1" number="6"></line><line hits="1" number="7"></line><line hits="1" number="8"></line><line hits="1" number="9"></line><line hits="" number="10"></line><line hits="1" number="11"></line><line hits="0" number="12"></line><line hits="0" number="13"></line><line hits="" number="14"></line><line hits="" number="15"></line><line hits="1" number="16"></line><line hits="" number="17"></line><line hits="1" number="18"></line><line hits="" number="19"></line><line hits="1" number="20"></line><line hits="0" number="21"></line><line hits="0" number="22"></line><line hits="0" number="23"></line><line hits="0" number="24"></line><line hits="0" number="25"></line><line hits="" number="26"></line><line hits="" number="27"></line><line hits="1" number="28"></line><line hits="0" number="29"></line><line hits="" number="30"></line><line hits="" number="31"></line><line hits="1" number="32"></line><line hits="0" number="33"></line><line hits="" number="34"></line><line hits="" number="35"></line><line hits="1" number="36"></line><line hits="0" number="37"></line><line hits="" number="38"></line><line hits="" number="39"></line><line hits="1" number="40"></line><line hits="0" number="41"></line><line hits="" number="42"></line><line hits="" number="43"></line><line hits="1" number="44"></line><line hits="0" number="45"></line><line hits="0" number="46"></line><line hits="0" number="47"></line><line hits="0" number="48"></line><line hits="" number="49"></line><line hits="" number="50"></line><line hits="" number="51"></line><line hits="1" number="52"></line><line hits="0" number="53"></line><line hits="0" number="54"></line><line hits="" number="55"></line><line hits="" number="56"></line><line hits="0" number="57"></line><line hits="" number="58"></line><line hits="" number="59"></line><line hits="1" number="60"></line><line hits="" number="61"></line><line hits="" number="62"></line><line hits="" number="63"></line><line hits="1" number="64"></line><line hits="" number="65"></line><line hits="" number="66"></line><line hits="" number="67"></line><line hits="" number="68"></line><line hits="" number="69"></line></lines></class><class branch-rate="0" complexity="0.0" filename="scripts/../bower_components/backbone/backbone.js" line-rate="0.13354531001589826" name="scripts/"><methods></methods><lines><line hits="" number="1"></line><line hits="" number="2"></line><line hits="" number="3"></line><line hits="" number="4"></line><line hits="" number="5"></line><line hits="" number="6"></line><line hits="" number="7"></line><line hits="" number="8"></line><line hits="1" number="9"></line><line hits="" number="10"></line><line hits="" number="11"></line><line hits="" number="12"></line><line hits="" number="13"></line><line hits="" number="14"></line><line hits="" number="15"></line><line hits="1" number="16"></line><line hits="" number="17"></line><line hits="" number="18"></line><line hits="" number="19"></line><line hits="1" number="20"></line><line hits="" number="21"></line><line hits="" number="22"></line><line hits="1" number="23"></line><line hits="1" number="24"></line><line hits="1" number="25"></line><line hits="1" number="26"></line><line hits="" number="27"></line><line hits="" number="28"></line><line hits="" number="29"></line><line hits="1" number="30"></line><line hits="1" number="31"></line><line hits="0" number="32"></line><line hits="" number="33"></line><line hits="1" number="34"></line><line hits="" number="35"></line><line hits="" number="36"></line><line hits="" number="37"></line><line hits="1" number="38"></line><line hits="" number="39"></line><line hits="" number="40"></line><line hits="1" number="41"></line><line hits="1" number="42"></line><line hits="" number="43"></line><line hits="" number="44"></line><line hits="" number="45"></line><line hits="1" number="46"></line><line hits="" number="47"></line><line hits="" number="48"></line><line hits="" number="49"></line><line hits="1" number="50"></line><line hits="0" number="51"></line><line hits="0" number="52"></line><line hits="" number="53"></line><line hits="" number="54"></line><line hits="" number="55"></line><line hits="" number="56"></line><line hits="" number="57"></line><line hits="1" number="58"></line><line hits="" number="59"></line><line hits="" number="60"></line><line hits="" number="61"></line><line hits="" number="62"></line><line hits="" number="63"></line><line hits="1" number="64"></line><line hits="" number="65"></line><line hits="" number="66"></line><line hits="" number="67"></line><line hits="" number="68"></line><line hits="" number="69"></line><line hits="" number="70"></line><line hits="" number="71"></line><line hits="" number="72"></line><line hits="" number="73"></line><line hits="" number="74"></line><line hits="" number="75"></line><line hits="" number="76"></line><line hits="" number="77"></line><line hits="" number="78"></line><line hits="1" number="79"></line><line hits="" number="80"></line><line hits="" number="81"></line><line hits="" number="82"></line><line hits="" number="83"></line><line hits="0" number="84"></line><line hits="0" number="85"></line><line hits="0" number="86"></line><line hits="0" number="87"></line><line hits="0" number="88"></line><line hits="" number="89"></line><line hits="" number="90"></line><line hits="" number="91"></line><line hits="" number="92"></line><line hits="" number="93"></line><line hits="0" number="94"></line><line hits="0" number="95"></line><line hits="0" number="96"></line><line hits="0" number="97"></line><line hits="0" number="98"></line><line hits="" number="99"></line><line hits="0" number="100"></line><line hits="0" number="101"></line><line hits="" number="102"></line><line hits="" number="103"></line><line hits="" number="104"></line><line hits="" number="105"></line><line hits="" number="106"></line><line hits="" number="107"></line><line hits="" number="108"></line><line hits="0" number="109"></line><line hits="0" number="110"></line><line hits="0" number="111"></line><line hits="0" number="112"></line><line hits="0" number="113"></line><line hits="" number="114"></line><line hits="" number="115"></line><line hits="0" number="116"></line><line hits="0" number="117"></line><line hits="0" number="118"></line><line hits="0" number="119"></line><line hits="0" number="120"></line><line hits="0" number="121"></line><line hits="0" number="122"></line><line hits="0" number="123"></line><line hits="0" number="124"></line><line hits="" number="125"></line><line hits="0" number="126"></line><line hits="" number="127"></line><line hits="" number="128"></line><line hits="" number="129"></line><line hits="0" number="130"></line><line hits="" number="131"></line><line hits="" number="132"></line><line hits="" number="133"></line><line hits="0" number="134"></line><line hits="" number="135"></line><line hits="" number="136"></line><line hits="" number="137"></line><line hits="" number="138"></line><line hits="" number="139"></line><line hits="" number="140"></line><line hits="" number="141"></line><line hits="0" number="142"></line><line hits="0" number="143"></line><line hits="0" number="144"></line><line hits="0" number="145"></line><line hits="0" number="146"></line><line hits="0" number="147"></line><line hits="0" number="148"></line><line hits="0" number="149"></line><line hits="" number="150"></line><line hits="" number="151"></line><line hits="" number="152"></line><line hits="" number="153"></line><line hits="" number="154"></line><line hits="0" number="155"></line><line hits="0" number="156"></line><line hits="0" number="157"></line><line hits="0" number="158"></line><line hits="0" number="159"></line><line hits="0" number="160"></line><line hits="0" number="161"></line><line hits="0" number="162"></line><line hits="" number="163"></line><line hits="0" number="164"></line><line hits="" number="165"></line><line hits="" number="166"></line><line hits="" number="167"></line><line hits="" number="168"></line><line hits="" number="169"></line><line hits="1" number="170"></line><line hits="" number="171"></line><line hits="" number="172"></line><line hits="" number="173"></line><line hits="" number="174"></line><line hits="1" number="175"></line><line hits="0" number="176"></line><line hits="" number="177"></line><line hits="" number="178"></line><line hits="0" number="179"></line><line hits="0" number="180"></line><line hits="0" number="181"></line><line hits="" number="182"></line><line hits="0" number="183"></line><line hits="" number="184"></line><line hits="" number="185"></line><line hits="" number="186"></line><line hits="0" number="187"></line><line hits="0" number="188"></line><line hits="0" number="189"></line><line hits="0" number="190"></line><line hits="" number="191"></line><line hits="0" number="192"></line><line hits="" number="193"></line><line hits="" number="194"></line><line hits="0" number="195"></line><line hits="" number="196"></line><line hits="" number="197"></line><line hits="" number="198"></line><line hits="" number="199"></line><line hits="" number="200"></line><line hits="1" number="201"></line><line hits="0" number="202"></line><line hits="0" number="203"></line><line hits="0" number="204"></line><line hits="0" number="205"></line><line hits="0" number="206"></line><line hits="0" number="207"></line><line hits="0" number="208"></line><line hits="" number="209"></line><line hits="" number="210"></line><line hits="" number="211"></line><line hits="1" number="212"></line><line hits="" number="213"></line><line hits="" number="214"></line><line hits="" number="215"></line><line hits="" number="216"></line><line hits="1" number="217"></line><line hits="2" number="218"></line><line hits="0" number="219"></line><line hits="0" number="220"></line><line hits="0" number="221"></line><line hits="0" number="222"></line><line hits="0" number="223"></line><line hits="0" number="224"></line><line hits="" number="225"></line><line hits="" number="226"></line><line hits="" number="227"></line><line hits="" number="228"></line><line hits="1" number="229"></line><line hits="1" number="230"></line><line hits="" number="231"></line><line hits="" number="232"></line><line hits="" number="233"></line><line hits="1" number="234"></line><line hits="" number="235"></line><line hits="" number="236"></line><line hits="" number="237"></line><line hits="" number="238"></line><line hits="" number="239"></line><line hits="" number="240"></line><line hits="" number="241"></line><line hits="" number="242"></line><line hits="" number="243"></line><line hits="" number="244"></line><line hits="" number="245"></line><line hits="1" number="246"></line><line hits="0" number="247"></line><line hits="0" number="248"></line><line hits="0" number="249"></line><line hits="0" number="250"></line><line hits="0" number="251"></line><line hits="0" number="252"></line><line hits="0" number="253"></line><line hits="0" number="254"></line><line hits="0" number="255"></line><line hits="" number="256"></line><line hits="0" number="257"></line><line hits="0" number="258"></line><line hits="0" number="259"></line><line hits="" number="260"></line><line hits="" number="261"></line><line hits="" number="262"></line><line hits="1" number="263"></line><line hits="" number="264"></line><line hits="" number="265"></line><line hits="1" number="266"></line><line hits="" number="267"></line><line hits="" number="268"></line><line hits="" number="269"></line><line hits="" number="270"></line><line hits="" number="271"></line><line hits="" number="272"></line><line hits="" number="273"></line><line hits="" number="274"></line><line hits="" number="275"></line><line hits="" number="276"></line><line hits="" number="277"></line><line hits="" number="278"></line><line hits="" number="279"></line><line hits="" number="280"></line><line hits="" number="281"></line><line hits="" number="282"></line><line hits="" number="283"></line><line hits="0" number="284"></line><line hits="" number="285"></line><line hits="" number="286"></line><line hits="" number="287"></line><line hits="" number="288"></line><line hits="" number="289"></line><line hits="0" number="290"></line><line hits="" number="291"></line><line hits="" number="292"></line><line hits="" number="293"></line><line hits="" number="294"></line><line hits="0" number="295"></line><line hits="" number="296"></line><line hits="" number="297"></line><line hits="" number="298"></line><line hits="" number="299"></line><line hits="0" number="300"></line><line hits="" number="301"></line><line hits="" number="302"></line><line hits="" number="303"></line><line hits="" number="304"></line><line hits="" number="305"></line><line hits="0" number="306"></line><line hits="" number="307"></line><line hits="" number="308"></line><line hits="" number="309"></line><line hits="" number="310"></line><line hits="" number="311"></line><line hits="" number="312"></line><line hits="0" number="313"></line><line hits="0" number="314"></line><line hits="" number="315"></line><line hits="" number="316"></line><line hits="0" number="317"></line><line hits="0" number="318"></line><line hits="0" number="319"></line><line hits="" number="320"></line><line hits="0" number="321"></line><line hits="" number="322"></line><line hits="" number="323"></line><line hits="0" number="324"></line><line hits="" number="325"></line><line hits="" number="326"></line><line hits="0" number="327"></line><line hits="" number="328"></line><line hits="" number="329"></line><line hits="0" number="330"></line><line hits="0" number="331"></line><line hits="0" number="332"></line><line hits="0" number="333"></line><line hits="0" number="334"></line><line hits="" number="335"></line><line hits="0" number="336"></line><line hits="0" number="337"></line><line hits="0" number="338"></line><line hits="" number="339"></line><line hits="0" number="340"></line><line hits="" number="341"></line><line hits="" number="342"></line><line hits="0" number="343"></line><line hits="" number="344"></line><line hits="" number="345"></line><line hits="0" number="346"></line><line hits="0" number="347"></line><line hits="0" number="348"></line><line hits="0" number="349"></line><line hits="0" number="350"></line><line hits="" number="351"></line><line hits="0" number="352"></line><line hits="" number="353"></line><line hits="0" number="354"></line><line hits="" number="355"></line><line hits="" number="356"></line><line hits="" number="357"></line><line hits="0" number="358"></line><line hits="0" number="359"></line><line hits="0" number="360"></line><line hits="0" number="361"></line><line hits="" number="362"></line><line hits="" number="363"></line><line hits="" number="364"></line><line hits="" number="365"></line><line hits="" number="366"></line><line hits="0" number="367"></line><line hits="0" number="368"></line><line hits="0" number="369"></line><line hits="0" number="370"></line><line hits="0" number="371"></line><line hits="" number="372"></line><line hits="" number="373"></line><line hits="0" number="374"></line><line hits="0" number="375"></line><line hits="0" number="376"></line><line hits="" number="377"></line><line hits="" number="378"></line><line hits="" number="379"></line><line hits="" number="380"></line><line hits="" number="381"></line><line hits="0" number="382"></line><line hits="" number="383"></line><line hits="" number="384"></line><line hits="" number="385"></line><line hits="" number="386"></line><line hits="0" number="387"></line><line hits="0" number="388"></line><line hits="0" number="389"></line><line hits="" number="390"></line><line hits="" number="391"></line><line hits="" number="392"></line><line hits="" number="393"></line><line hits="" number="394"></line><line hits="0" number="395"></line><line hits="0" number="396"></line><line hits="" number="397"></line><line hits="" number="398"></line><line hits="" number="399"></line><line hits="" number="400"></line><line hits="" number="401"></line><line hits="" number="402"></line><line hits="" number="403"></line><line hits="" number="404"></line><line hits="" number="405"></line><line hits="0" number="406"></line><line hits="0" number="407"></line><line hits="0" number="408"></line><line hits="0" number="409"></line><line hits="0" number="410"></line><line hits="0" number="411"></line><line hits="" number="412"></line><line hits="0" number="413"></line><line hits="" number="414"></line><line hits="" number="415"></line><line hits="" number="416"></line><line hits="" number="417"></line><line hits="" number="418"></line><line hits="0" number="419"></line><line hits="0" number="420"></line><line hits="" number="421"></line><line hits="" number="422"></line><line hits="" number="423"></line><line hits="" number="424"></line><line hits="" number="425"></line><line hits="0" number="426"></line><line hits="" number="427"></line><line hits="" number="428"></line><line hits="" number="429"></line><line hits="" number="430"></line><line hits="" number="431"></line><line hits="" number="432"></line><line hits="0" number="433"></line><line hits="0" number="434"></line><line hits="0" number="435"></line><line hits="0" number="436"></line><line hits="0" number="437"></line><line hits="0" number="438"></line><line hits="0" number="439"></line><line hits="0" number="440"></line><line hits="" number="441"></line><line hits="0" number="442"></line><line hits="0" number="443"></line><line hits="" number="444"></line><line hits="" number="445"></line><line hits="" number="446"></line><line hits="" number="447"></line><line hits="" number="448"></line><line hits="" number="449"></line><line hits="0" number="450"></line><line hits="" number="451"></line><line hits="" number="452"></line><line hits="0" number="453"></line><line hits="0" number="454"></line><line hits="0" number="455"></line><line hits="" number="456"></line><line hits="0" number="457"></line><line hits="" number="458"></line><line hits="" number="459"></line><line hits="" number="460"></line><line hits="0" number="461"></line><line hits="" number="462"></line><line hits="0" number="463"></line><line hits="" number="464"></line><line hits="" number="465"></line><line hits="0" number="466"></line><line hits="" number="467"></line><line hits="" number="468"></line><line hits="0" number="469"></line><line hits="0" number="470"></line><line hits="" number="471"></line><line hits="" number="472"></line><line hits="" number="473"></line><line hits="" number="474"></line><line hits="0" number="475"></line><line hits="0" number="476"></line><line hits="0" number="477"></line><line hits="0" number="478"></line><line hits="" number="479"></line><line hits="0" number="480"></line><line hits="0" number="481"></line><line hits="0" number="482"></line><line hits="0" number="483"></line><line hits="0" number="484"></line><line hits="" number="485"></line><line hits="0" number="486"></line><line hits="0" number="487"></line><line hits="" number="488"></line><line hits="0" number="489"></line><line hits="" number="490"></line><line hits="0" number="491"></line><line hits="0" number="492"></line><line hits="0" number="493"></line><line hits="" number="494"></line><line hits="" number="495"></line><line hits="0" number="496"></line><line hits="" number="497"></line><line hits="0" number="498"></line><line hits="" number="499"></line><line hits="" number="500"></line><line hits="" number="501"></line><line hits="" number="502"></line><line hits="" number="503"></line><line hits="" number="504"></line><line hits="0" number="505"></line><line hits="0" number="506"></line><line hits="0" number="507"></line><line hits="" number="508"></line><line hits="0" number="509"></line><line hits="0" number="510"></line><line hits="" number="511"></line><line hits="" number="512"></line><line hits="0" number="513"></line><line hits="0" number="514"></line><line hits="0" number="515"></line><line hits="0" number="516"></line><line hits="" number="517"></line><line hits="" number="518"></line><line hits="0" number="519"></line><line hits="0" number="520"></line><line hits="0" number="521"></line><line hits="" number="522"></line><line hits="0" number="523"></line><line hits="" number="524"></line><line hits="0" number="525"></line><line hits="0" number="526"></line><line hits="0" number="527"></line><line hits="" number="528"></line><line hits="" number="529"></line><line hits="" number="530"></line><line hits="" number="531"></line><line hits="" number="532"></line><line hits="" number="533"></line><line hits="0" number="534"></line><line hits="0" number="535"></line><line hits="0" number="536"></line><line hits="" number="537"></line><line hits="" number="538"></line><line hits="" number="539"></line><line hits="" number="540"></line><line hits="" number="541"></line><line hits="0" number="542"></line><line hits="" number="543"></line><line hits="" number="544"></line><line hits="" number="545"></line><line hits="" number="546"></line><line hits="0" number="547"></line><line hits="" number="548"></line><line hits="" number="549"></line><line hits="" number="550"></line><line hits="" number="551"></line><line hits="0" number="552"></line><line hits="" number="553"></line><line hits="" number="554"></line><line hits="" number="555"></line><line hits="" number="556"></line><line hits="0" number="557"></line><line hits="" number="558"></line><line hits="" number="559"></line><line hits="" number="560"></line><line hits="" number="561"></line><line hits="" number="562"></line><line hits="0" number="563"></line><line hits="0" number="564"></line><line hits="0" number="565"></line><line hits="0" number="566"></line><line hits="0" number="567"></line><line hits="0" number="568"></line><line hits="" number="569"></line><line hits="" number="570"></line><line hits="" number="571"></line><line hits="" number="572"></line><line hits="" number="573"></line><line hits="1" number="574"></line><line hits="" number="575"></line><line hits="" number="576"></line><line hits="1" number="577"></line><line hits="6" number="578"></line><line hits="0" number="579"></line><line hits="0" number="580"></line><line hits="0" number="581"></line><line hits="" number="582"></line><line hits="" number="583"></line><line hits="" number="584"></line><line hits="" number="585"></line><line hits="" number="586"></line><line hits="" number="587"></line><line hits="" number="588"></line><line hits="" number="589"></line><line hits="" number="590"></line><line hits="" number="591"></line><line hits="" number="592"></line><line hits="" number="593"></line><line hits="" number="594"></line><line hits="" number="595"></line><line hits="" number="596"></line><line hits="" number="597"></line><line hits="1" number="598"></line><line hits="0" number="599"></line><line hits="0" number="600"></line><line hits="0" number="601"></line><line hits="0" number="602"></line><line hits="0" number="603"></line><line hits="0" number="604"></line><line hits="0" number="605"></line><line hits="" number="606"></line><line hits="" number="607"></line><line hits="" number="608"></line><line hits="1" number="609"></line><line hits="1" number="610"></line><line hits="" number="611"></line><line hits="" number="612"></line><line hits="1" number="613"></line><line hits="" number="614"></line><line hits="" number="615"></line><line hits="" number="616"></line><line hits="" number="617"></line><line hits="" number="618"></line><line hits="" number="619"></line><line hits="" number="620"></line><line hits="" number="621"></line><line hits="" number="622"></line><line hits="" number="623"></line><line hits="" number="624"></line><line hits="" number="625"></line><line hits="0" number="626"></line><line hits="" number="627"></line><line hits="" number="628"></line><line hits="" number="629"></line><line hits="" number="630"></line><line hits="0" number="631"></line><line hits="" number="632"></line><line hits="" number="633"></line><line hits="" number="634"></line><line hits="" number="635"></line><line hits="0" number="636"></line><line hits="" number="637"></line><line hits="" number="638"></line><line hits="" number="639"></line><line hits="" number="640"></line><line hits="0" number="641"></line><line hits="0" number="642"></line><line hits="0" number="643"></line><line hits="0" number="644"></line><line hits="0" number="645"></line><line hits="0" number="646"></line><line hits="0" number="647"></line><line hits="0" number="648"></line><line hits="0" number="649"></line><line hits="0" number="650"></line><line hits="0" number="651"></line><line hits="0" number="652"></line><line hits="0" number="653"></line><line hits="0" number="654"></line><line hits="" number="655"></line><line hits="0" number="656"></line><line hits="" number="657"></line><line hits="0" number="658"></line><line hits="" number="659"></line><line hits="" number="660"></line><line hits="" number="661"></line><line hits="" number="662"></line><line hits="" number="663"></line><line hits="" number="664"></line><line hits="" number="665"></line><line hits="0" number="666"></line><line hits="0" number="667"></line><line hits="0" number="668"></line><line hits="0" number="669"></line><line hits="0" number="670"></line><line hits="0" number="671"></line><line hits="0" number="672"></line><line hits="0" number="673"></line><line hits="" number="674"></line><line hits="" number="675"></line><line hits="" number="676"></line><line hits="0" number="677"></line><line hits="0" number="678"></line><line hits="" number="679"></line><line hits="" number="680"></line><line hits="" number="681"></line><line hits="0" number="682"></line><line hits="0" number="683"></line><line hits="0" number="684"></line><line hits="0" number="685"></line><line hits="0" number="686"></line><line hits="" number="687"></line><line hits="" number="688"></line><line hits="" number="689"></line><line hits="0" number="690"></line><line hits="0" number="691"></line><line hits="" number="692"></line><line hits="" number="693"></line><line hits="" number="694"></line><line hits="0" number="695"></line><line hits="0" number="696"></line><line hits="0" number="697"></line><line hits="" number="698"></line><line hits="" number="699"></line><line hits="" number="700"></line><line hits="" number="701"></line><line hits="0" number="702"></line><line hits="0" number="703"></line><line hits="0" number="704"></line><line hits="" number="705"></line><line hits="0" number="706"></line><line hits="" number="707"></line><line hits="" number="708"></line><line hits="" number="709"></line><line hits="0" number="710"></line><line hits="0" number="711"></line><line hits="0" number="712"></line><line hits="0" number="713"></line><line hits="0" number="714"></line><line hits="" number="715"></line><line hits="0" number="716"></line><line hits="" number="717"></line><line hits="" number="718"></line><line hits="" number="719"></line><line hits="" number="720"></line><line hits="0" number="721"></line><line hits="" number="722"></line><line hits="0" number="723"></line><line hits="" number="724"></line><line hits="" number="725"></line><line hits="0" number="726"></line><line hits="0" number="727"></line><line hits="" number="728"></line><line hits="" number="729"></line><line hits="" number="730"></line><line hits="0" number="731"></line><line hits="0" number="732"></line><line hits="" number="733"></line><line hits="" number="734"></line><line hits="" number="735"></line><line hits="" number="736"></line><line hits="" number="737"></line><line hits="" number="738"></line><line hits="" number="739"></line><line hits="0" number="740"></line><line hits="0" number="741"></line><line hits="0" number="742"></line><line hits="" number="743"></line><line hits="0" number="744"></line><line hits="0" number="745"></line><line hits="0" number="746"></line><line hits="0" number="747"></line><line hits="0" number="748"></line><line hits="" number="749"></line><line hits="" number="750"></line><line hits="" number="751"></line><line hits="" number="752"></line><line hits="0" number="753"></line><line hits="0" number="754"></line><line hits="0" number="755"></line><line hits="" number="756"></line><line hits="" number="757"></line><line hits="" number="758"></line><line hits="" number="759"></line><line hits="0" number="760"></line><line hits="0" number="761"></line><line hits="0" number="762"></line><line hits="" number="763"></line><line hits="" number="764"></line><line hits="" number="765"></line><line hits="" number="766"></line><line hits="0" number="767"></line><line hits="0" number="768"></line><line hits="0" number="769"></line><line hits="" number="770"></line><line hits="" number="771"></line><line hits="" number="772"></line><line hits="" number="773"></line><line hits="0" number="774"></line><line hits="0" number="775"></line><line hits="0" number="776"></line><line hits="" number="777"></line><line hits="" number="778"></line><line hits="" number="779"></line><line hits="" number="780"></line><line hits="0" number="781"></line><line hits="" number="782"></line><line hits="" number="783"></line><line hits="" number="784"></line><line hits="" number="785"></line><line hits="0" number="786"></line><line hits="0" number="787"></line><line hits="" number="788"></line><line hits="" number="789"></line><line hits="" number="790"></line><line hits="" number="791"></line><line hits="0" number="792"></line><line hits="" number="793"></line><line hits="" number="794"></line><line hits="" number="795"></line><line hits="" number="796"></line><line hits="" number="797"></line><line hits="0" number="798"></line><line hits="0" number="799"></line><line hits="0" number="800"></line><line hits="0" number="801"></line><line hits="" number="802"></line><line hits="0" number="803"></line><line hits="" number="804"></line><line hits="" number="805"></line><line hits="" number="806"></line><line hits="" number="807"></line><line hits="" number="808"></line><line hits="" number="809"></line><line hits="0" number="810"></line><line hits="" number="811"></line><line hits="" number="812"></line><line hits="" number="813"></line><line hits="" number="814"></line><line hits="" number="815"></line><line hits="" number="816"></line><line hits="0" number="817"></line><line hits="0" number="818"></line><line hits="" number="819"></line><line hits="" number="820"></line><line hits="0" number="821"></line><line hits="0" number="822"></line><line hits="" number="823"></line><line hits="0" number="824"></line><line hits="" number="825"></line><line hits="" number="826"></line><line hits="0" number="827"></line><line hits="0" number="828"></line><line hits="" number="829"></line><line hits="" number="830"></line><line hits="" number="831"></line><line hits="" number="832"></line><line hits="" number="833"></line><line hits="0" number="834"></line><line hits="0" number="835"></line><line hits="0" number="836"></line><line hits="" number="837"></line><line hits="0" number="838"></line><line hits="" number="839"></line><line hits="" number="840"></line><line hits="" number="841"></line><line hits="" number="842"></line><line hits="0" number="843"></line><line hits="" number="844"></line><line hits="" number="845"></line><line hits="" number="846"></line><line hits="" number="847"></line><line hits="" number="848"></line><line hits="" number="849"></line><line hits="0" number="850"></line><line hits="0" number="851"></line><line hits="0" number="852"></line><line hits="0" number="853"></line><line hits="0" number="854"></line><line hits="0" number="855"></line><line hits="0" number="856"></line><line hits="0" number="857"></line><line hits="0" number="858"></line><line hits="" number="859"></line><line hits="0" number="860"></line><line hits="0" number="861"></line><line hits="" number="862"></line><line hits="" number="863"></line><line hits="" number="864"></line><line hits="" number="865"></line><line hits="" number="866"></line><line hits="" number="867"></line><line hits="0" number="868"></line><line hits="0" number="869"></line><line hits="0" number="870"></line><line hits="0" number="871"></line><line hits="0" number="872"></line><line hits="0" number="873"></line><line hits="0" number="874"></line><line hits="0" number="875"></line><line hits="" number="876"></line><line hits="0" number="877"></line><line hits="0" number="878"></line><line hits="" number="879"></line><line hits="" number="880"></line><line hits="" number="881"></line><line hits="" number="882"></line><line hits="" number="883"></line><line hits="0" number="884"></line><line hits="" number="885"></line><line hits="" number="886"></line><line hits="" number="887"></line><line hits="" number="888"></line><line hits="0" number="889"></line><line hits="" number="890"></line><line hits="" number="891"></line><line hits="" number="892"></line><line hits="" number="893"></line><line hits="" number="894"></line><line hits="0" number="895"></line><line hits="0" number="896"></line><line hits="0" number="897"></line><line hits="" number="898"></line><line hits="" number="899"></line><line hits="" number="900"></line><line hits="" number="901"></line><line hits="" number="902"></line><line hits="0" number="903"></line><line hits="0" number="904"></line><line hits="0" number="905"></line><line hits="" number="906"></line><line hits="0" number="907"></line><line hits="0" number="908"></line><line hits="0" number="909"></line><line hits="0" number="910"></line><line hits="0" number="911"></line><line hits="0" number="912"></line><line hits="" number="913"></line><line hits="0" number="914"></line><line hits="" number="915"></line><line hits="" number="916"></line><line hits="" number="917"></line><line hits="" number="918"></line><line hits="0" number="919"></line><line hits="0" number="920"></line><line hits="" number="921"></line><line hits="" number="922"></line><line hits="" number="923"></line><line hits="" number="924"></line><line hits="" number="925"></line><line hits="" number="926"></line><line hits="" number="927"></line><line hits="0" number="928"></line><line hits="0" number="929"></line><line hits="0" number="930"></line><line hits="0" number="931"></line><line hits="0" number="932"></line><line hits="" number="933"></line><line hits="0" number="934"></line><line hits="" number="935"></line><line hits="" number="936"></line><line hits="" number="937"></line><line hits="" number="938"></line><line hits="" number="939"></line><line hits="" number="940"></line><line hits="" number="941"></line><line hits="1" number="942"></line><line hits="" number="943"></line><line hits="" number="944"></line><line hits="" number="945"></line><line hits="" number="946"></line><line hits="" number="947"></line><line hits="" number="948"></line><line hits="" number="949"></line><line hits="1" number="950"></line><line hits="39" number="951"></line><line hits="0" number="952"></line><line hits="0" number="953"></line><line hits="0" number="954"></line><line hits="" number="955"></line><line hits="" number="956"></line><line hits="" number="957"></line><line hits="" number="958"></line><line hits="1" number="959"></line><line hits="" number="960"></line><line hits="" number="961"></line><line hits="1" number="962"></line><line hits="3" number="963"></line><line hits="0" number="964"></line><line hits="0" number="965"></line><line hits="" number="966"></line><line hits="0" number="967"></line><line hits="" number="968"></line><line hits="" number="969"></line><line hits="" number="970"></line><line hits="" number="971"></line><line hits="" number="972"></line><line hits="" number="973"></line><line hits="" number="974"></line><line hits="" number="975"></line><line hits="" number="976"></line><line hits="" number="977"></line><line hits="" number="978"></line><line hits="" number="979"></line><line hits="" number="980"></line><line hits="" number="981"></line><line hits="" number="982"></line><line hits="" number="983"></line><line hits="1" number="984"></line><line hits="0" number="985"></line><line hits="0" number="986"></line><line hits="0" number="987"></line><line hits="0" number="988"></line><line hits="0" number="989"></line><line hits="" number="990"></line><line hits="" number="991"></line><line hits="" number="992"></line><line hits="1" number="993"></line><line hits="" number="994"></line><line hits="" number="995"></line><line hits="1" number="996"></line><line hits="" number="997"></line><line hits="" number="998"></line><line hits="1" number="999"></line><line hits="" number="1000"></line><line hits="" number="1001"></line><line hits="" number="1002"></line><line hits="" number="1003"></line><line hits="" number="1004"></line><line hits="" number="1005"></line><line hits="" number="1006"></line><line hits="0" number="1007"></line><line hits="" number="1008"></line><line hits="" number="1009"></line><line hits="" number="1010"></line><line hits="" number="1011"></line><line hits="" number="1012"></line><line hits="" number="1013"></line><line hits="" number="1014"></line><line hits="" number="1015"></line><line hits="" number="1016"></line><line hits="" number="1017"></line><line hits="0" number="1018"></line><line hits="" number="1019"></line><line hits="" number="1020"></line><line hits="" number="1021"></line><line hits="" number="1022"></line><line hits="" number="1023"></line><line hits="0" number="1024"></line><line hits="0" number="1025"></line><line hits="0" number="1026"></line><line hits="" number="1027"></line><line hits="" number="1028"></line><line hits="" number="1029"></line><line hits="" number="1030"></line><line hits="" number="1031"></line><line hits="0" number="1032"></line><line hits="0" number="1033"></line><line hits="0" number="1034"></line><line hits="0" number="1035"></line><line hits="0" number="1036"></line><line hits="" number="1037"></line><line hits="" number="1038"></line><line hits="" number="1039"></line><line hits="" number="1040"></line><line hits="" number="1041"></line><line hits="" number="1042"></line><line hits="" number="1043"></line><line hits="" number="1044"></line><line hits="" number="1045"></line><line hits="" number="1046"></line><line hits="" number="1047"></line><line hits="" number="1048"></line><line hits="" number="1049"></line><line hits="" number="1050"></line><line hits="" number="1051"></line><line hits="" number="1052"></line><line hits="" number="1053"></line><line hits="" number="1054"></line><line hits="0" number="1055"></line><line hits="0" number="1056"></line><line hits="0" number="1057"></line><line hits="0" number="1058"></line><line hits="0" number="1059"></line><line hits="0" number="1060"></line><line hits="" number="1061"></line><line hits="0" number="1062"></line><line hits="0" number="1063"></line><line hits="0" number="1064"></line><line hits="0" number="1065"></line><line hits="0" number="1066"></line><line hits="0" number="1067"></line><line hits="" number="1068"></line><line hits="0" number="1069"></line><line hits="" number="1070"></line><line hits="" number="1071"></line><line hits="0" number="1072"></line><line hits="" number="1073"></line><line hits="" number="1074"></line><line hits="" number="1075"></line><line hits="" number="1076"></line><line hits="" number="1077"></line><line hits="" number="1078"></line><line hits="0" number="1079"></line><line hits="0" number="1080"></line><line hits="" number="1081"></line><line hits="" number="1082"></line><line hits="" number="1083"></line><line hits="" number="1084"></line><line hits="" number="1085"></line><line hits="" number="1086"></line><line hits="" number="1087"></line><line hits="0" number="1088"></line><line hits="0" number="1089"></line><line hits="0" number="1090"></line><line hits="" number="1091"></line><line hits="" number="1092"></line><line hits="" number="1093"></line><line hits="" number="1094"></line><line hits="" number="1095"></line><line hits="" number="1096"></line><line hits="" number="1097"></line><line hits="0" number="1098"></line><line hits="0" number="1099"></line><line hits="0" number="1100"></line><line hits="0" number="1101"></line><line hits="0" number="1102"></line><line hits="0" number="1103"></line><line hits="" number="1104"></line><line hits="0" number="1105"></line><line hits="" number="1106"></line><line hits="" number="1107"></line><line hits="" number="1108"></line><line hits="" number="1109"></line><line hits="" number="1110"></line><line hits="" number="1111"></line><line hits="" number="1112"></line><line hits="" number="1113"></line><line hits="" number="1114"></line><line hits="" number="1115"></line><line hits="" number="1116"></line><line hits="" number="1117"></line><line hits="" number="1118"></line><line hits="" number="1119"></line><line hits="" number="1120"></line><line hits="" number="1121"></line><line hits="" number="1122"></line><line hits="" number="1123"></line><line hits="" number="1124"></line><line hits="" number="1125"></line><line hits="" number="1126"></line><line hits="" number="1127"></line><line hits="" number="1128"></line><line hits="1" number="1129"></line><line hits="0" number="1130"></line><line hits="" number="1131"></line><line hits="" number="1132"></line><line hits="0" number="1133"></line><line hits="" number="1134"></line><line hits="" number="1135"></line><line hits="" number="1136"></line><line hits="" number="1137"></line><line hits="" number="1138"></line><line hits="0" number="1139"></line><line hits="" number="1140"></line><line hits="" number="1141"></line><line hits="0" number="1142"></line><line hits="0" number="1143"></line><line hits="" number="1144"></line><line hits="" number="1145"></line><line hits="" number="1146"></line><line hits="0" number="1147"></line><line hits="0" number="1148"></line><line hits="0" number="1149"></line><line hits="" number="1150"></line><line hits="" number="1151"></line><line hits="" number="1152"></line><line hits="0" number="1153"></line><line hits="0" number="1154"></line><line hits="0" number="1155"></line><line hits="" number="1156"></line><line hits="" number="1157"></line><line hits="" number="1158"></line><line hits="" number="1159"></line><line hits="0" number="1160"></line><line hits="0" number="1161"></line><line hits="0" number="1162"></line><line hits="0" number="1163"></line><line hits="0" number="1164"></line><line hits="0" number="1165"></line><line hits="0" number="1166"></line><line hits="" number="1167"></line><line hits="" number="1168"></line><line hits="" number="1169"></line><line hits="" number="1170"></line><line hits="0" number="1171"></line><line hits="0" number="1172"></line><line hits="" number="1173"></line><line hits="" number="1174"></line><line hits="" number="1175"></line><line hits="" number="1176"></line><line hits="" number="1177"></line><line hits="0" number="1178"></line><line hits="" number="1179"></line><line hits="0" number="1180"></line><line hits="0" number="1181"></line><line hits="" number="1182"></line><line hits="" number="1183"></line><line hits="" number="1184"></line><line hits="" number="1185"></line><line hits="0" number="1186"></line><line hits="0" number="1187"></line><line hits="0" number="1188"></line><line hits="" number="1189"></line><line hits="" number="1190"></line><line hits="" number="1191"></line><line hits="1" number="1192"></line><line hits="" number="1193"></line><line hits="" number="1194"></line><line hits="" number="1195"></line><line hits="" number="1196"></line><line hits="" number="1197"></line><line hits="" number="1198"></line><line hits="" number="1199"></line><line hits="" number="1200"></line><line hits="" number="1201"></line><line hits="1" number="1202"></line><line hits="0" number="1203"></line><line hits="" number="1204"></line><line hits="" number="1205"></line><line hits="" number="1206"></line><line hits="" number="1207"></line><line hits="" number="1208"></line><line hits="" number="1209"></line><line hits="" number="1210"></line><line hits="1" number="1211"></line><line hits="0" number="1212"></line><line hits="0" number="1213"></line><line hits="0" number="1214"></line><line hits="0" number="1215"></line><line hits="" number="1216"></line><line hits="" number="1217"></line><line hits="" number="1218"></line><line hits="" number="1219"></line><line hits="1" number="1220"></line><line hits="1" number="1221"></line><line hits="1" number="1222"></line><line hits="1" number="1223"></line><line hits="" number="1224"></line><line hits="" number="1225"></line><line hits="1" number="1226"></line><line hits="" number="1227"></line><line hits="" number="1228"></line><line hits="" number="1229"></line><line hits="" number="1230"></line><line hits="" number="1231"></line><line hits="" number="1232"></line><line hits="" number="1233"></line><line hits="" number="1234"></line><line hits="" number="1235"></line><line hits="" number="1236"></line><line hits="" number="1237"></line><line hits="" number="1238"></line><line hits="0" number="1239"></line><line hits="0" number="1240"></line><line hits="0" number="1241"></line><line hits="0" number="1242"></line><line hits="" number="1243"></line><line hits="0" number="1244"></line><line hits="0" number="1245"></line><line hits="0" number="1246"></line><line hits="0" number="1247"></line><line hits="0" number="1248"></line><line hits="0" number="1249"></line><line hits="0" number="1250"></line><line hits="0" number="1251"></line><line hits="" number="1252"></line><line hits="0" number="1253"></line><line hits="" number="1254"></line><line hits="" number="1255"></line><line hits="" number="1256"></line><line hits="" number="1257"></line><line hits="0" number="1258"></line><line hits="0" number="1259"></line><line hits="" number="1260"></line><line hits="" number="1261"></line><line hits="" number="1262"></line><line hits="" number="1263"></line><line hits="" number="1264"></line><line hits="" number="1265"></line><line hits="0" number="1266"></line><line hits="0" number="1267"></line><line hits="0" number="1268"></line><line hits="0" number="1269"></line><line hits="0" number="1270"></line><line hits="" number="1271"></line><line hits="" number="1272"></line><line hits="" number="1273"></line><line hits="" number="1274"></line><line hits="" number="1275"></line><line hits="" number="1276"></line><line hits="0" number="1277"></line><line hits="" number="1278"></line><line hits="" number="1279"></line><line hits="0" number="1280"></line><line hits="" number="1281"></line><line hits="" number="1282"></line><line hits="0" number="1283"></line><line hits="" number="1284"></line><line hits="" number="1285"></line><line hits="" number="1286"></line><line hits="" number="1287"></line><line hits="" number="1288"></line><line hits="" number="1289"></line><line hits="0" number="1290"></line><line hits="0" number="1291"></line><line hits="0" number="1292"></line><line hits="" number="1293"></line><line hits="" number="1294"></line><line hits="" number="1295"></line><line hits="" number="1296"></line><line hits="" number="1297"></line><line hits="" number="1298"></line><line hits="" number="1299"></line><line hits="" number="1300"></line><line hits="" number="1301"></line><line hits="" number="1302"></line><line hits="" number="1303"></line><line hits="" number="1304"></line><line hits="" number="1305"></line><line hits="1" number="1306"></line><line hits="1" number="1307"></line><line hits="1" number="1308"></line><line hits="" number="1309"></line><line hits="" number="1310"></line><line hits="1" number="1311"></line><line hits="1" number="1312"></line><line hits="1" number="1313"></line><line hits="" number="1314"></line><line hits="" number="1315"></line><line hits="" number="1316"></line><line hits="" number="1317"></line><line hits="1" number="1318"></line><line hits="" number="1319"></line><line hits="" number="1320"></line><line hits="1" number="1321"></line><line hits="" number="1322"></line><line hits="" number="1323"></line><line hits="1" number="1324"></line><line hits="" number="1325"></line><line hits="" number="1326"></line><line hits="1" number="1327"></line><line hits="" number="1328"></line><line hits="" number="1329"></line><line hits="1" number="1330"></line><line hits="" number="1331"></line><line hits="" number="1332"></line><line hits="1" number="1333"></line><line hits="" number="1334"></line><line hits="" number="1335"></line><line hits="" number="1336"></line><line hits="" number="1337"></line><line hits="" number="1338"></line><line hits="" number="1339"></line><line hits="" number="1340"></line><line hits="" number="1341"></line><line hits="0" number="1342"></line><line hits="0" number="1343"></line><line hits="" number="1344"></line><line hits="" number="1345"></line><line hits="" number="1346"></line><line hits="" number="1347"></line><line hits="" number="1348"></line><line hits="1" number="1349"></line><line hits="1" number="1350"></line><line hits="0" number="1351"></line><line hits="0" number="1352"></line><line hits="0" number="1353"></line><line hits="" number="1354"></line><line hits="1" number="1355"></line><line hits="" number="1356"></line><line hits="" number="1357"></line><line hits="0" number="1358"></line><line hits="" number="1359"></line><line hits="" number="1360"></line><line hits="" number="1361"></line><line hits="" number="1362"></line><line hits="" number="1363"></line><line hits="1" number="1364"></line><line hits="1" number="1365"></line><line hits="" number="1366"></line><line hits="" number="1367"></line><line hits="" number="1368"></line><line hits="1" number="1369"></line><line hits="1" number="1370"></line><line hits="1" number="1371"></line><line hits="1" number="1372"></line><line hits="1" number="1373"></line><line hits="1" number="1374"></line><line hits="0" number="1375"></line><line hits="0" number="1376"></line><line hits="" number="1377"></line><line hits="" number="1378"></line><line hits="0" number="1379"></line><line hits="" number="1380"></line><line hits="0" number="1381"></line><line hits="0" number="1382"></line><line hits="0" number="1383"></line><line hits="" number="1384"></line><line hits="" number="1385"></line><line hits="" number="1386"></line><line hits="" number="1387"></line><line hits="0" number="1388"></line><line hits="0" number="1389"></line><line hits="0" number="1390"></line><line hits="0" number="1391"></line><line hits="0" number="1392"></line><line hits="0" number="1393"></line><line hits="" number="1394"></line><line hits="" number="1395"></line><line hits="" number="1396"></line><line hits="" number="1397"></line><line hits="0" number="1398"></line><line hits="0" number="1399"></line><line hits="0" number="1400"></line><line hits="" number="
[...]
/line><line hits="" number="819"></line><line hits="1" number="820"></line><line hits="0" number="821"></line><line hits="0" number="822"></line><line hits="" number="823"></line><line hits="" number="824"></line><line hits="" number="825"></line><line hits="1" number="826"></line><line hits="" number="827"></line><line hits="" number="828"></line><line hits="0" number="829"></line><line hits="" number="830"></line><line hits="0" number="831"></line><line hits="" number="832"></line><line hits="0" number="833"></line><line hits="0" number="834"></line><line hits="" number="835"></line><line hits="0" number="836"></line><line hits="0" number="837"></line><line hits="0" number="838"></line><line hits="" number="839"></line><line hits="" number="840"></line><line hits="" number="841"></line><line hits="" number="842"></line><line hits="0" number="843"></line><line hits="" number="844"></line><line hits="" number="845"></line><line hits="" number="846"></line><line hits="0" number="847"></line><line hits="" number="848"></line><line hits="" number="849"></line><line hits="" number="850"></line><line hits="" number="851"></line><line hits="" number="852"></line><line hits="0" number="853"></line><line hits="" number="854"></line><line hits="" number="855"></line><line hits="0" number="856"></line><line hits="" number="857"></line><line hits="" number="858"></line><line hits="" number="859"></line><line hits="" number="860"></line><line hits="0" number="861"></line><line hits="" number="862"></line><line hits="" number="863"></line><line hits="0" number="864"></line><line hits="0" number="865"></line><line hits="" number="866"></line><line hits="" number="867"></line><line hits="0" number="868"></line><line hits="" number="869"></line><line hits="" number="870"></line><line hits="0" number="871"></line><line hits="0" number="872"></line><line hits="0" number="873"></line><line hits="" number="874"></line><line hits="0" number="875"></line><line hits="" number="876"></line><line hits="0" number="877"></line><line hits="0" number="878"></line><line hits="0" number="879"></line><line hits="" number="880"></line><line hits="0" number="881"></line><line hits="0" number="882"></line><line hits="" number="883"></line><line hits="" number="884"></line><line hits="" number="885"></line><line hits="" number="886"></line><line hits="" number="887"></line><line hits="0" number="888"></line><line hits="0" number="889"></line><line hits="" number="890"></line><line hits="0" number="891"></line><line hits="" number="892"></line><line hits="" number="893"></line><line hits="0" number="894"></line><line hits="0" number="895"></line><line hits="" number="896"></line><line hits="0" number="897"></line><line hits="" number="898"></line><line hits="0" number="899"></line><line hits="" number="900"></line><line hits="" number="901"></line><line hits="" number="902"></line><line hits="0" number="903"></line><line hits="0" number="904"></line><line hits="0" number="905"></line><line hits="" number="906"></line><line hits="0" number="907"></line><line hits="" number="908"></line><line hits="" number="909"></line><line hits="" number="910"></line><line hits="0" number="911"></line><line hits="0" number="912"></line><line hits="0" number="913"></line><line hits="" number="914"></line><line hits="" number="915"></line><line hits="" number="916"></line><line hits="1" number="917"></line><line hits="0" number="918"></line><line hits="" number="919"></line><line hits="" number="920"></line><line hits="" number="921"></line><line hits="" number="922"></line><line hits="1" number="923"></line><line hits="0" number="924"></line><line hits="0" number="925"></line><line hits="0" number="926"></line><line hits="0" number="927"></line><line hits="" number="928"></line><line hits="" number="929"></line><line hits="" number="930"></line><line hits="1" number="931"></line><line hits="0" number="932"></line><line hits="" number="933"></line><line hits="" number="934"></line><line hits="" number="935"></line><line hits="" number="936"></line><line hits="1" number="937"></line><line hits="0" number="938"></line><line hits="" number="939"></line><line hits="" number="940"></line><line hits="" number="941"></line><line hits="1" number="942"></line><line hits="0" number="943"></line><line hits="" number="944"></line><line hits="" number="945"></line><line hits="" number="946"></line><line hits="1" number="947"></line><line hits="6" number="948"></line><line hits="1" number="949"></line><line hits="" number="950"></line><line hits="" number="951"></line><line hits="" number="952"></line><line hits="" number="953"></line><line hits="" number="954"></line><line hits="1" number="955"></line><line hits="0" number="956"></line><line hits="0" number="957"></line><line hits="" number="958"></line><line hits="" number="959"></line><line hits="" number="960"></line><line hits="" number="961"></line><line hits="1" number="962"></line><line hits="1" number="963"></line><line hits="108" number="964"></line><line hits="" number="965"></line><line hits="" number="966"></line><line hits="" number="967"></line><line hits="" number="968"></line><line hits="1" number="969"></line><line hits="0" number="970"></line><line hits="" number="971"></line><line hits="" number="972"></line><line hits="" number="973"></line><line hits="1" number="974"></line><line hits="0" number="975"></line><line hits="" number="976"></line><line hits="" number="977"></line><line hits="" number="978"></line><line hits="1" number="979"></line><line hits="0" number="980"></line><line hits="" number="981"></line><line hits="" number="982"></line><line hits="" number="983"></line><line hits="1" number="984"></line><line hits="0" number="985"></line><line hits="" number="986"></line><line hits="" number="987"></line><line hits="" number="988"></line><line hits="1" number="989"></line><line hits="0" number="990"></line><line hits="" number="991"></line><line hits="" number="992"></line><line hits="" number="993"></line><line hits="" number="994"></line><line hits="1" number="995"></line><line hits="8" number="996"></line><line hits="" number="997"></line><line hits="" number="998"></line><line hits="" number="999"></line><line hits="" number="1000"></line><line hits="" number="1001"></line><line hits="" number="1002"></line><line hits="" number="1003"></line><line hits="1" number="1004"></line><line hits="0" number="1005"></line><line hits="0" number="1006"></line><line hits="" number="1007"></line><line hits="" number="1008"></line><line hits="" number="1009"></line><line hits="1" number="1010"></line><line hits="0" number="1011"></line><line hits="" number="1012"></line><line hits="" number="1013"></line><line hits="" number="1014"></line><line hits="1" number="1015"></line><line hits="0" number="1016"></line><line hits="0" number="1017"></line><line hits="0" number="1018"></line><line hits="" number="1019"></line><line hits="" number="1020"></line><line hits="" number="1021"></line><line hits="1" number="1022"></line><line hits="0" number="1023"></line><line hits="0" number="1024"></line><line hits="0" number="1025"></line><line hits="" number="1026"></line><line hits="0" number="1027"></line><line hits="" number="1028"></line><line hits="" number="1029"></line><line hits="" number="1030"></line><line hits="1" number="1031"></line><line hits="" number="1032"></line><line hits="" number="1033"></line><line hits="" number="1034"></line><line hits="" number="1035"></line><line hits="" number="1036"></line><line hits="" number="1037"></line><line hits="" number="1038"></line><line hits="" number="1039"></line><line hits="" number="1040"></line><line hits="1" number="1041"></line><line hits="" number="1042"></line><line hits="" number="1043"></line><line hits="1" number="1044"></line><line hits="" number="1045"></line><line hits="" number="1046"></line><line hits="" number="1047"></line><line hits="" number="1048"></line><line hits="" number="1049"></line><line hits="1" number="1050"></line><line hits="2" number="1051"></line><line hits="0" number="1052"></line><line hits="0" number="1053"></line><line hits="0" number="1054"></line><line hits="" number="1055"></line><line hits="" number="1056"></line><line hits="" number="1057"></line><line hits="" number="1058"></line><line hits="" number="1059"></line><line hits="" number="1060"></line><line hits="1" number="1061"></line><line hits="0" number="1062"></line><line hits="0" number="1063"></line><line hits="0" number="1064"></line><line hits="" number="1065"></line><line hits="" number="1066"></line><line hits="" number="1067"></line><line hits="1" number="1068"></line><line hits="1" number="1069"></line><line hits="106" number="1070"></line><line hits="106" number="1071"></line><line hits="0" number="1072"></line><line hits="0" number="1073"></line><line hits="0" number="1074"></line><line hits="" number="1075"></line><line hits="" number="1076"></line><line hits="" number="1077"></line><line hits="" number="1078"></line><line hits="" number="1079"></line><line hits="" number="1080"></line><line hits="1" number="1081"></line><line hits="1" number="1082"></line><line hits="0" number="1083"></line><line hits="0" number="1084"></line><line hits="" number="1085"></line><line hits="" number="1086"></line><line hits="" number="1087"></line><line hits="" number="1088"></line><line hits="1" number="1089"></line><line hits="" number="1090"></line><line hits="" number="1091"></line><line hits="" number="1092"></line><line hits="" number="1093"></line><line hits="" number="1094"></line><line hits="" number="1095"></line><line hits="" number="1096"></line><line hits="" number="1097"></line><line hits="1" number="1098"></line><line hits="" number="1099"></line><line hits="" number="1100"></line><line hits="" number="1101"></line><line hits="1" number="1102"></line><line hits="" number="1103"></line><line hits="" number="1104"></line><line hits="" number="1105"></line><line hits="" number="1106"></line><line hits="" number="1107"></line><line hits="" number="1108"></line><line hits="" number="1109"></line><line hits="" number="1110"></line><line hits="" number="1111"></line><line hits="1" number="1112"></line><line hits="" number="1113"></line><line hits="" number="1114"></line><line hits="" number="1115"></line><line hits="" number="1116"></line><line hits="1" number="1117"></line><line hits="0" number="1118"></line><line hits="0" number="1119"></line><line hits="" number="1120"></line><line hits="" number="1121"></line><line hits="0" number="1122"></line><line hits="" number="1123"></line><line hits="" number="1124"></line><line hits="" number="1125"></line><line hits="" number="1126"></line><line hits="" number="1127"></line><line hits="" number="1128"></line><line hits="0" number="1129"></line><line hits="0" number="1130"></line><line hits="0" number="1131"></line><line hits="0" number="1132"></line><line hits="0" number="1133"></line><line hits="" number="1134"></line><line hits="0" number="1135"></line><line hits="0" number="1136"></line><line hits="" number="1137"></line><line hits="0" number="1138"></line><line hits="0" number="1139"></line><line hits="" number="1140"></line><line hits="0" number="1141"></line><line hits="0" number="1142"></line><line hits="" number="1143"></line><line hits="0" number="1144"></line><line hits="0" number="1145"></line><line hits="" number="1146"></line><line hits="0" number="1147"></line><line hits="" number="1148"></line><line hits="" number="1149"></line><line hits="0" number="1150"></line><line hits="" number="1151"></line><line hits="0" number="1152"></line><line hits="" number="1153"></line><line hits="" number="1154"></line><line hits="" number="1155"></line><line hits="0" number="1156"></line><line hits="0" number="1157"></line><line hits="" number="1158"></line><line hits="0" number="1159"></line><line hits="0" number="1160"></line><line hits="" number="1161"></line><line hits="" number="1162"></line><line hits="0" number="1163"></line><line hits="0" number="1164"></line><line hits="0" number="1165"></line><line hits="" number="1166"></line><line hits="" number="1167"></line><line hits="" number="1168"></line><line hits="0" number="1169"></line><line hits="" number="1170"></line><line hits="0" number="1171"></line><line hits="" number="1172"></line><line hits="" number="1173"></line><line hits="" number="1174"></line><line hits="1" number="1175"></line><line hits="0" number="1176"></line><line hits="" number="1177"></line><line hits="" number="1178"></line><line hits="" number="1179"></line><line hits="" number="1180"></line><line hits="" number="1181"></line><line hits="" number="1182"></line><line hits="" number="1183"></line><line hits="" number="1184"></line><line hits="" number="1185"></line><line hits="1" number="1186"></line><line hits="0" number="1187"></line><line hits="" number="1188"></line><line hits="" number="1189"></line><line hits="" number="1190"></line><line hits="1" number="1191"></line><line hits="" number="1192"></line><line hits="" number="1193"></line><line hits="1" number="1194"></line><line hits="7" number="1195"></line><line hits="7" number="1196"></line><line hits="0" number="1197"></line><line hits="0" number="1198"></line><line hits="0" number="1199"></line><line hits="0" number="1200"></line><line hits="" number="1201"></line><line hits="" number="1202"></line><line hits="" number="1203"></line><line hits="" number="1204"></line><line hits="1" number="1205"></line><line hits="3" number="1206"></line><line hits="3" number="1207"></line><line hits="0" number="1208"></line><line hits="" number="1209"></line><line hits="" number="1210"></line><line hits="" number="1211"></line><line hits="1" number="1212"></line><line hits="" number="1213"></line><line hits="" number="1214"></line><line hits="" number="1215"></line><line hits="0" number="1216"></line><line hits="0" number="1217"></line><line hits="" number="1218"></line><line hits="" number="1219"></line><line hits="" number="1220"></line><line hits="" number="1221"></line><line hits="0" number="1222"></line><line hits="" number="1223"></line><line hits="" number="1224"></line><line hits="" number="1225"></line><line hits="" number="1226"></line><line hits="" number="1227"></line></lines></class><class branch-rate="0" complexity="0.0" filename="scripts/main.js" line-rate="0.6666666666666665" name="scripts/main"><methods></methods><lines><line hits="" number="1"></line><line hits="1" number="2"></line><line hits="1" number="3"></line><line hits="1" number="4"></line><line hits="" number="5"></line><line hits="" number="6"></line><line hits="" number="7"></line><line hits="" number="8"></line><line hits="" number="9"></line><line hits="" number="10"></line><line hits="" number="11"></line><line hits="" number="12"></line><line hits="" number="13"></line><line hits="" number="14"></line><line hits="" number="15"></line><line hits="" number="16"></line><line hits="" number="17"></line><line hits="" number="18"></line><line hits="" number="19"></line><line hits="" number="20"></line><line hits="" number="21"></line><line hits="" number="22"></line><line hits="" number="23"></line><line hits="" number="24"></line><line hits="" number="25"></line><line hits="" number="26"></line><line hits="" number="27"></line><line hits="" number="28"></line><line hits="" number="29"></line><line hits="" number="30"></line><line hits="" number="31"></line><line hits="" number="32"></line><line hits="" number="33"></line><line hits="" number="34"></line><line hits="" number="35"></line><line hits="1" number="36"></line><line hits="1" number="37"></line><line hits="1" number="38"></line><line hits="1" number="39"></line><line hits="1" number="40"></line><line hits="" number="41"></line><line hits="0" number="42"></line><line hits="0" number="43"></line><line hits="0" number="44"></line><line hits="" number="45"></line><line hits="" number="46"></line><line hits="" number="47"></line><line hits="" number="48"></line><line hits="" number="49"></line><line hits="0" number="50"></line><line hits="" number="51"></line><line hits="" number="52"></line><line hits="" number="53"></line><line hits="" number="54"></line></lines></class><class branch-rate="0" complexity="0.0" filename="scripts/templates.js" line-rate="0.09615384615384617" name="scripts/templates"><methods></methods><lines><line hits="" number="1"></line><line hits="1" number="2"></line><line hits="" number="3"></line><line hits="1" number="4"></line><line hits="" number="5"></line><line hits="1" number="6"></line><line hits="0" number="7"></line><line hits="0" number="8"></line><line hits="0" number="9"></line><line hits="" number="10"></line><line hits="0" number="11"></line><line hits="" number="12"></line><line hits="0" number="13"></line><line hits="0" number="14"></line><line hits="" number="15"></line><line hits="" number="16"></line><line hits="0" number="17"></line><line hits="" number="18"></line><line hits="" number="19"></line><line hits="0" number="20"></line><line hits="" number="21"></line><line hits="" number="22"></line><line hits="0" number="23"></line><line hits="" number="24"></line><line hits="0" number="25"></line><line hits="0" number="26"></line><line hits="" number="27"></line><line hits="" number="28"></line><line hits="0" number="29"></line><line hits="" number="30"></line><line hits="" number="31"></line><line hits="0" number="32"></line><line hits="" number="33"></line><line hits="" number="34"></line><line hits="0" number="35"></line><line hits="" number="36"></line><line hits="" number="37"></line><line hits="0" number="38"></line><line hits="" number="39"></line><line hits="" number="40"></line><line hits="0" number="41"></line><line hits="" number="42"></line><line hits="0" number="43"></line><line hits="0" number="44"></line><line hits="" number="45"></line><line hits="" number="46"></line><line hits="0" number="47"></line><line hits="" number="48"></line><line hits="" number="49"></line><line hits="" number="50"></line><line hits="" number="51"></line><line hits="" number="52"></line><line hits="" number="53"></line><line hits="" number="54"></line><line hits="" number="55"></line><line hits="" number="56"></line><line hits="" number="57"></line><line hits="0" number="58"></line><line hits="0" number="59"></line><line hits="0" number="60"></line><line hits="0" number="61"></line><line hits="" number="62"></line><line hits="" number="63"></line><line hits="" number="64"></line><line hits="" number="65"></line><line hits="0" number="66"></line><line hits="0" number="67"></line><line hits="0" number="68"></line><line hits="0" number="69"></line><line hits="0" number="70"></line><line hits="0" number="71"></line><line hits="0" number="72"></line><line hits="0" number="73"></line><line hits="" number="74"></line><line hits="" number="75"></line><line hits="" number="76"></line><line hits="" number="77"></line><line hits="0" number="78"></line><line hits="0" number="79"></line><line hits="0" number="80"></line><line hits="0" number="81"></line><line hits="" number="82"></line><line hits="" number="83"></line><line hits="0" number="84"></line><line hits="0" number="85"></line><line hits="0" number="86"></line><line hits="0" number="87"></line><line hits="0" number="88"></line><line hits="0" number="89"></line><line hits="0" number="90"></line><line hits="0" number="91"></line><line hits="0" number="92"></line><line hits="" number="93"></line><line hits="" number="94"></line><line hits="1" number="95"></line><line hits="0" number="96"></line><line hits="0" number="97"></line><line hits="" number="98"></line><line hits="" number="99"></line><line hits="" number="100"></line><line hits="0" number="101"></line><line hits="" number="102"></line><line hits="" number="103"></line><line hits="1" number="104"></line><line hits="" number="105"></line></lines></class></classes></package></packages></coverage>